<?xml version="1.0" encoding="UTF-8"?>
<!-- Generated by org.testng.reporters.JUnitReportReporter -->
<testsuite name="walletAutomation.testcases.WalletSignInTest" tests="2" time="24.700" ignored="0" failures="0" timestamp="18 Aug 2019 16:30:53 GMT" skipped="0" hostname="itti" errors="0">
  <testcase name="WithBackupCodeTest" time="12.870" classname="walletAutomation.testcases.WalletSignInTest"/>
  <testcase name="withAnyAddressTest" time="11.830" classname="walletAutomation.testcases.WalletSignInTest"/>
</testsuite> <!-- walletAutomation.testcases.WalletSignInTest -->
