<?xml version="1.0" encoding="UTF-8"?>
<!-- Generated by org.testng.reporters.JUnitReportReporter -->
<testsuite name="walletAutomation.testcases.WalletSignUpTest" tests="1" time="10.129" ignored="0" failures="0" timestamp="18 Aug 2019 16:32:09 GMT" skipped="0" hostname="itti" errors="0">
  <testcase name="signupTest" time="10.129" classname="walletAutomation.testcases.WalletSignUpTest"/>
</testsuite> <!-- walletAutomation.testcases.WalletSignUpTest -->
