<?xml version="1.0" encoding="UTF-8"?>
<!-- Generated by org.testng.reporters.JUnitReportReporter -->
<testsuite name="lunieAutomation.testcases.LunieSignupTest" tests="1" time="4.336" ignored="0" failures="0" timestamp="05 Aug 2019 10:08:02 GMT" skipped="0" hostname="itti" errors="0">
  <testcase name="withAnyAddressTest" time="4.336" classname="lunieAutomation.testcases.LunieSignupTest"/>
</testsuite> <!-- lunieAutomation.testcases.LunieSignupTest -->
