<?xml version="1.0" encoding="UTF-8"?>
<!-- Generated by org.testng.reporters.JUnitReportReporter -->
<testsuite name="lunieAutomation.testcases.LunieSignInTest" tests="2" time="24.658" ignored="0" failures="0" timestamp="07 Aug 2019 13:58:35 GMT" skipped="0" hostname="itti" errors="0">
  <testcase name="WithBackupCodeTest" time="12.849" classname="lunieAutomation.testcases.LunieSignInTest"/>
  <testcase name="withAnyAddressTest" time="11.809" classname="lunieAutomation.testcases.LunieSignInTest"/>
</testsuite> <!-- lunieAutomation.testcases.LunieSignInTest -->
